14-Feb-23 02:04:29 - so-ebm.py
14-Feb-23 02:04:29 - learning rate: 0.0001
14-Feb-23 02:05:02 - 0-th run
14-Feb-23 02:05:22 - stds: tensor([[0.1000, 0.0500, 0.0200]]), num of samples: 128
14-Feb-23 02:05:22 - Training time for this epoch: 0.103
14-Feb-23 02:05:22 - epoch: 0, training_loss: 10.820, time:0.104
14-Feb-23 02:05:27 - epoch: 0, test loss : 4.567914591849853, val loss: 3.3350389826130327
14-Feb-23 02:05:27 - Training time for this epoch: 0.061
14-Feb-23 02:05:27 - epoch: 1, training_loss: 9.542, time:0.064
14-Feb-23 02:05:32 - epoch: 1, test loss : 4.469246533321491, val loss: 3.1909247605767965
14-Feb-23 02:05:32 - Training time for this epoch: 0.074
14-Feb-23 02:05:32 - epoch: 2, training_loss: 7.922, time:0.079
14-Feb-23 02:05:37 - epoch: 2, test loss : 4.3499632527798155, val loss: 3.0324736201208258
14-Feb-23 02:05:37 - Training time for this epoch: 0.100
14-Feb-23 02:05:37 - epoch: 3, training_loss: 6.567, time:0.100
14-Feb-23 02:05:41 - epoch: 3, test loss : 4.208054791332627, val loss: 2.863547253713743
14-Feb-23 02:05:41 - Training time for this epoch: 0.064
14-Feb-23 02:05:41 - epoch: 4, training_loss: 4.927, time:0.069
14-Feb-23 02:05:45 - epoch: 4, test loss : 4.050421335548198, val loss: 2.710356721618821
14-Feb-23 02:05:45 - Training time for this epoch: 0.063
14-Feb-23 02:05:45 - epoch: 5, training_loss: 3.606, time:0.069
14-Feb-23 02:05:50 - epoch: 5, test loss : 3.9298250808319963, val loss: 2.634196044384547
14-Feb-23 02:05:50 - Training time for this epoch: 0.067
14-Feb-23 02:05:50 - epoch: 6, training_loss: 2.348, time:0.073
14-Feb-23 02:05:54 - epoch: 6, test loss : 3.8564148966093654, val loss: 2.6509814982569457
14-Feb-23 02:05:54 - Training time for this epoch: 0.099
14-Feb-23 02:05:54 - epoch: 7, training_loss: 1.856, time:0.100
14-Feb-23 02:05:59 - epoch: 7, test loss : 3.87015434300855, val loss: 2.8188939714448074
14-Feb-23 02:05:59 - Training time for this epoch: 0.062
14-Feb-23 02:05:59 - epoch: 8, training_loss: 0.995, time:0.068
14-Feb-23 02:06:03 - epoch: 8, test loss : 3.982140372655987, val loss: 3.1346992288263253
14-Feb-23 02:06:03 - Training time for this epoch: 0.065
14-Feb-23 02:06:03 - epoch: 9, training_loss: 0.419, time:0.070
14-Feb-23 02:06:07 - epoch: 9, test loss : 4.203152859292773, val loss: 3.523970124697488
14-Feb-23 02:06:08 - 1-th run
14-Feb-23 02:06:33 - stds: tensor([[0.1000, 0.0500, 0.0200]]), num of samples: 128
14-Feb-23 02:06:33 - Training time for this epoch: 0.061
14-Feb-23 02:06:33 - epoch: 0, training_loss: 9.528, time:0.066
14-Feb-23 02:06:38 - epoch: 0, test loss : 3.845962491501436, val loss: 2.958456545942626
14-Feb-23 02:06:38 - Training time for this epoch: 0.086
14-Feb-23 02:06:38 - epoch: 1, training_loss: 7.929, time:0.090
14-Feb-23 02:06:43 - epoch: 1, test loss : 3.7214706444012666, val loss: 2.8195579099262233
14-Feb-23 02:06:43 - Training time for this epoch: 0.159
14-Feb-23 02:06:43 - epoch: 2, training_loss: 6.324, time:0.161
14-Feb-23 02:06:48 - epoch: 2, test loss : 3.6334964378506553, val loss: 2.6938000596753042
14-Feb-23 02:06:48 - Training time for this epoch: 0.098
14-Feb-23 02:06:48 - epoch: 3, training_loss: 4.987, time:0.104
14-Feb-23 02:06:53 - epoch: 3, test loss : 3.5914157763777474, val loss: 2.601902806666481
14-Feb-23 02:06:53 - Training time for this epoch: 0.069
14-Feb-23 02:06:53 - epoch: 4, training_loss: 3.611, time:0.075
14-Feb-23 02:06:57 - epoch: 4, test loss : 3.6135533293886866, val loss: 2.561939984815908
14-Feb-23 02:06:57 - Training time for this epoch: 0.102
14-Feb-23 02:06:57 - epoch: 5, training_loss: 2.668, time:0.107
14-Feb-23 02:07:02 - epoch: 5, test loss : 3.7264480328517635, val loss: 2.596543384619972
14-Feb-23 02:07:02 - Training time for this epoch: 0.067
14-Feb-23 02:07:02 - epoch: 6, training_loss: 1.494, time:0.073
14-Feb-23 02:07:09 - epoch: 6, test loss : 3.931920930421856, val loss: 2.7312766979770737
14-Feb-23 02:07:09 - Training time for this epoch: 0.066
14-Feb-23 02:07:09 - epoch: 7, training_loss: 1.017, time:0.071
14-Feb-23 02:07:13 - epoch: 7, test loss : 4.226536720080542, val loss: 2.97697124755239
14-Feb-23 02:07:13 - Training time for this epoch: 0.102
14-Feb-23 02:07:13 - epoch: 8, training_loss: 0.390, time:0.106
14-Feb-23 02:07:21 - epoch: 8, test loss : 4.625873250899362, val loss: 3.33907572570902
14-Feb-23 02:07:21 - Training time for this epoch: 0.077
14-Feb-23 02:07:21 - epoch: 9, training_loss: -0.017, time:0.081
14-Feb-23 02:07:26 - epoch: 9, test loss : 5.101335229174568, val loss: 3.7664924231933403
14-Feb-23 02:07:26 - 2-th run
14-Feb-23 02:07:43 - stds: tensor([[0.1000, 0.0500, 0.0200]]), num of samples: 128
14-Feb-23 02:07:43 - Training time for this epoch: 0.065
14-Feb-23 02:07:43 - epoch: 0, training_loss: 11.749, time:0.070
14-Feb-23 02:07:47 - epoch: 0, test loss : 4.426722770257003, val loss: 3.179570253253741
14-Feb-23 02:07:47 - Training time for this epoch: 0.066
14-Feb-23 02:07:47 - epoch: 1, training_loss: 10.090, time:0.072
14-Feb-23 02:07:52 - epoch: 1, test loss : 4.092382285254528, val loss: 3.041824418705137
14-Feb-23 02:07:52 - Training time for this epoch: 0.057
14-Feb-23 02:07:52 - epoch: 2, training_loss: 8.206, time:0.063
14-Feb-23 02:07:56 - epoch: 2, test loss : 3.843542676372658, val loss: 2.9172065568682273
14-Feb-23 02:07:56 - Training time for this epoch: 0.085
14-Feb-23 02:07:56 - epoch: 3, training_loss: 6.704, time:0.106
14-Feb-23 02:08:00 - epoch: 3, test loss : 3.721496986076593, val loss: 2.816389995216625
14-Feb-23 02:08:00 - Training time for this epoch: 0.060
14-Feb-23 02:08:00 - epoch: 4, training_loss: 5.314, time:0.065
14-Feb-23 02:08:04 - epoch: 4, test loss : 3.715796177373821, val loss: 2.718691043009702
14-Feb-23 02:08:05 - Training time for this epoch: 0.070
14-Feb-23 02:08:05 - epoch: 5, training_loss: 3.985, time:0.076
14-Feb-23 02:08:09 - epoch: 5, test loss : 3.7873566942959425, val loss: 2.6361013661244543
14-Feb-23 02:08:09 - Training time for this epoch: 0.142
14-Feb-23 02:08:09 - epoch: 6, training_loss: 3.158, time:0.145
14-Feb-23 02:08:13 - epoch: 6, test loss : 3.9071993227750283, val loss: 2.582113926536306
14-Feb-23 02:08:13 - Training time for this epoch: 0.071
14-Feb-23 02:08:13 - epoch: 7, training_loss: 2.352, time:0.095
14-Feb-23 02:08:17 - epoch: 7, test loss : 4.078278414727551, val loss: 2.5740261685823547
14-Feb-23 02:08:17 - Training time for this epoch: 0.073
14-Feb-23 02:08:17 - epoch: 8, training_loss: 1.503, time:0.073
14-Feb-23 02:08:21 - epoch: 8, test loss : 4.296549054681115, val loss: 2.642902189872581
14-Feb-23 02:08:21 - Training time for this epoch: 0.072
14-Feb-23 02:08:21 - epoch: 9, training_loss: 1.013, time:0.078
14-Feb-23 02:08:26 - epoch: 9, test loss : 4.566694511447069, val loss: 2.820091471962059
14-Feb-23 02:08:26 - 3-th run
14-Feb-23 02:08:43 - stds: tensor([[0.1000, 0.0500, 0.0200]]), num of samples: 128
14-Feb-23 02:08:43 - Training time for this epoch: 0.067
14-Feb-23 02:08:43 - epoch: 0, training_loss: 11.304, time:0.072
14-Feb-23 02:08:47 - epoch: 0, test loss : 4.430531075574109, val loss: 3.206039322319468
14-Feb-23 02:08:47 - Training time for this epoch: 0.060
14-Feb-23 02:08:47 - epoch: 1, training_loss: 9.204, time:0.065
14-Feb-23 02:08:51 - epoch: 1, test loss : 4.121278153749339, val loss: 3.0406773787206163
14-Feb-23 02:08:51 - Training time for this epoch: 0.058
14-Feb-23 02:08:51 - epoch: 2, training_loss: 7.711, time:0.065
14-Feb-23 02:08:56 - epoch: 2, test loss : 3.9174825820531645, val loss: 2.895042772305266
14-Feb-23 02:08:56 - Training time for this epoch: 0.088
14-Feb-23 02:08:56 - epoch: 3, training_loss: 5.998, time:0.093
14-Feb-23 02:09:01 - epoch: 3, test loss : 3.7990349250627, val loss: 2.7686297839499376
14-Feb-23 02:09:01 - Training time for this epoch: 0.085
14-Feb-23 02:09:01 - epoch: 4, training_loss: 5.067, time:0.088
14-Feb-23 02:09:05 - epoch: 4, test loss : 3.746918626311739, val loss: 2.664740725613351
14-Feb-23 02:09:05 - Training time for this epoch: 0.068
14-Feb-23 02:09:05 - epoch: 5, training_loss: 3.565, time:0.074
14-Feb-23 02:09:10 - epoch: 5, test loss : 3.7596728228672363, val loss: 2.6005734215402505
14-Feb-23 02:09:10 - Training time for this epoch: 0.057
14-Feb-23 02:09:10 - epoch: 6, training_loss: 2.705, time:0.064
14-Feb-23 02:09:14 - epoch: 6, test loss : 3.86373312482109, val loss: 2.6130711597810254
14-Feb-23 02:09:14 - Training time for this epoch: 0.072
14-Feb-23 02:09:14 - epoch: 7, training_loss: 1.791, time:0.077
14-Feb-23 02:09:19 - epoch: 7, test loss : 4.03677622384865, val loss: 2.721986873685606
14-Feb-23 02:09:20 - Training time for this epoch: 0.078
14-Feb-23 02:09:20 - epoch: 8, training_loss: 0.822, time:0.084
14-Feb-23 02:09:24 - epoch: 8, test loss : 4.327299910992409, val loss: 2.9696247233894155
14-Feb-23 02:09:24 - Training time for this epoch: 0.090
14-Feb-23 02:09:24 - epoch: 9, training_loss: 0.328, time:0.096
14-Feb-23 02:09:28 - epoch: 9, test loss : 4.692646061324282, val loss: 3.332198971499526
14-Feb-23 02:09:28 - 4-th run
14-Feb-23 02:09:45 - stds: tensor([[0.1000, 0.0500, 0.0200]]), num of samples: 128
14-Feb-23 02:09:45 - Training time for this epoch: 0.060
14-Feb-23 02:09:45 - epoch: 0, training_loss: 11.879, time:0.066
14-Feb-23 02:09:49 - epoch: 0, test loss : 4.383523101494843, val loss: 3.402670425918796
14-Feb-23 02:09:49 - Training time for this epoch: 0.078
14-Feb-23 02:09:49 - epoch: 1, training_loss: 10.592, time:0.084
14-Feb-23 02:09:53 - epoch: 1, test loss : 4.2833021398577324, val loss: 3.2345182580056546
14-Feb-23 02:09:53 - Training time for this epoch: 0.072
14-Feb-23 02:09:53 - epoch: 2, training_loss: 8.667, time:0.076
14-Feb-23 02:09:58 - epoch: 2, test loss : 4.129490124631215, val loss: 3.0444375902093097
14-Feb-23 02:09:58 - Training time for this epoch: 0.062
14-Feb-23 02:09:58 - epoch: 3, training_loss: 7.051, time:0.067
14-Feb-23 02:10:02 - epoch: 3, test loss : 3.96770873960995, val loss: 2.8588572431181523
14-Feb-23 02:10:02 - Training time for this epoch: 0.079
14-Feb-23 02:10:02 - epoch: 4, training_loss: 5.507, time:0.080
14-Feb-23 02:10:06 - epoch: 4, test loss : 3.863150520854579, val loss: 2.703662340679541
14-Feb-23 02:10:06 - Training time for this epoch: 0.072
14-Feb-23 02:10:06 - epoch: 5, training_loss: 4.167, time:0.077
14-Feb-23 02:10:11 - epoch: 5, test loss : 3.82880363698266, val loss: 2.595198574644699
14-Feb-23 02:10:11 - Training time for this epoch: 0.060
14-Feb-23 02:10:11 - epoch: 6, training_loss: 3.088, time:0.065
14-Feb-23 02:10:15 - epoch: 6, test loss : 3.8860631353717165, val loss: 2.5625527755745274
14-Feb-23 02:10:15 - Training time for this epoch: 0.086
14-Feb-23 02:10:15 - epoch: 7, training_loss: 1.851, time:0.089
14-Feb-23 02:10:23 - epoch: 7, test loss : 4.040866081985503, val loss: 2.6517376425160615
14-Feb-23 02:10:23 - Training time for this epoch: 0.071
14-Feb-23 02:10:23 - epoch: 8, training_loss: 1.201, time:0.074
14-Feb-23 02:10:28 - epoch: 8, test loss : 4.314325304226981, val loss: 2.8701907937449933
14-Feb-23 02:10:28 - Training time for this epoch: 0.082
14-Feb-23 02:10:28 - epoch: 9, training_loss: 0.869, time:0.087
14-Feb-23 02:10:36 - epoch: 9, test loss : 4.631229714933836, val loss: 3.1789162534805038
14-Feb-23 02:10:36 - 5-th run
14-Feb-23 02:10:52 - stds: tensor([[0.1000, 0.0500, 0.0200]]), num of samples: 128
14-Feb-23 02:10:53 - Training time for this epoch: 0.078
14-Feb-23 02:10:53 - epoch: 0, training_loss: 12.228, time:0.083
14-Feb-23 02:10:58 - epoch: 0, test loss : 4.498815724602373, val loss: 3.3314627085458115
14-Feb-23 02:10:58 - Training time for this epoch: 0.069
14-Feb-23 02:10:58 - epoch: 1, training_loss: 11.150, time:0.075
14-Feb-23 02:11:02 - epoch: 1, test loss : 4.31733223495638, val loss: 3.194965210235765
14-Feb-23 02:11:03 - Training time for this epoch: 0.070
14-Feb-23 02:11:03 - epoch: 2, training_loss: 8.920, time:0.074
14-Feb-23 02:11:06 - epoch: 2, test loss : 4.1321083607253, val loss: 3.044410007352588
14-Feb-23 02:11:06 - Training time for this epoch: 0.090
14-Feb-23 02:11:06 - epoch: 3, training_loss: 7.447, time:0.093
14-Feb-23 02:11:11 - epoch: 3, test loss : 3.9519225865534935, val loss: 2.893419223983437
14-Feb-23 02:11:11 - Training time for this epoch: 0.080
14-Feb-23 02:11:11 - epoch: 4, training_loss: 6.104, time:0.081
14-Feb-23 02:11:15 - epoch: 4, test loss : 3.8237503755010462, val loss: 2.756396073367327
14-Feb-23 02:11:15 - Training time for this epoch: 0.066
14-Feb-23 02:11:15 - epoch: 5, training_loss: 4.407, time:0.070
14-Feb-23 02:11:20 - epoch: 5, test loss : 3.7556457230009253, val loss: 2.641031822493133
14-Feb-23 02:11:20 - Training time for this epoch: 0.082
14-Feb-23 02:11:20 - epoch: 6, training_loss: 3.155, time:0.086
14-Feb-23 02:11:24 - epoch: 6, test loss : 3.786412323281673, val loss: 2.5834368538416106
14-Feb-23 02:11:24 - Training time for this epoch: 0.130
14-Feb-23 02:11:24 - epoch: 7, training_loss: 2.448, time:0.134
14-Feb-23 02:11:28 - epoch: 7, test loss : 3.9229275819555376, val loss: 2.5998258243770427
14-Feb-23 02:11:28 - Training time for this epoch: 0.079
14-Feb-23 02:11:28 - epoch: 8, training_loss: 1.321, time:0.081
14-Feb-23 02:11:33 - epoch: 8, test loss : 4.158863467854397, val loss: 2.719188210774303
14-Feb-23 02:11:33 - Training time for this epoch: 0.094
14-Feb-23 02:11:33 - epoch: 9, training_loss: 0.695, time:0.096
14-Feb-23 02:11:38 - epoch: 9, test loss : 4.474748640554322, val loss: 2.994102438037488
14-Feb-23 02:11:38 - 6-th run
14-Feb-23 02:11:53 - stds: tensor([[0.1000, 0.0500, 0.0200]]), num of samples: 128
14-Feb-23 02:11:53 - Training time for this epoch: 0.115
14-Feb-23 02:11:53 - epoch: 0, training_loss: 11.306, time:0.119
14-Feb-23 02:11:58 - epoch: 0, test loss : 4.4573996945268135, val loss: 3.0626122122388098
14-Feb-23 02:11:58 - Training time for this epoch: 0.071
14-Feb-23 02:11:58 - epoch: 1, training_loss: 9.172, time:0.075
14-Feb-23 02:12:02 - epoch: 1, test loss : 4.145323224200296, val loss: 2.946272099832459
14-Feb-23 02:12:03 - Training time for this epoch: 0.072
14-Feb-23 02:12:03 - epoch: 2, training_loss: 8.039, time:0.077
14-Feb-23 02:12:06 - epoch: 2, test loss : 3.862108072552111, val loss: 2.826086373476104
14-Feb-23 02:12:07 - Training time for this epoch: 0.064
14-Feb-23 02:12:07 - epoch: 3, training_loss: 6.363, time:0.066
14-Feb-23 02:12:11 - epoch: 3, test loss : 3.644782284623437, val loss: 2.71173601991579
14-Feb-23 02:12:11 - Training time for this epoch: 0.068
14-Feb-23 02:12:11 - epoch: 4, training_loss: 4.943, time:0.073
14-Feb-23 02:12:15 - epoch: 4, test loss : 3.515857477416678, val loss: 2.615625270410619
14-Feb-23 02:12:16 - Training time for this epoch: 0.083
14-Feb-23 02:12:16 - epoch: 5, training_loss: 3.874, time:0.087
14-Feb-23 02:12:20 - epoch: 5, test loss : 3.4815661416444708, val loss: 2.5607696094181134
14-Feb-23 02:12:20 - Training time for this epoch: 0.077
14-Feb-23 02:12:20 - epoch: 6, training_loss: 2.983, time:0.079
14-Feb-23 02:12:24 - epoch: 6, test loss : 3.5153586960291463, val loss: 2.5722051170800766
14-Feb-23 02:12:24 - Training time for this epoch: 0.070
14-Feb-23 02:12:24 - epoch: 7, training_loss: 1.959, time:0.075
14-Feb-23 02:12:28 - epoch: 7, test loss : 3.6196765878434727, val loss: 2.684305912722073
14-Feb-23 02:12:28 - Training time for this epoch: 0.091
14-Feb-23 02:12:28 - epoch: 8, training_loss: 1.240, time:0.096
14-Feb-23 02:12:32 - epoch: 8, test loss : 3.811348518665157, val loss: 2.9420093507045433
14-Feb-23 02:12:32 - Training time for this epoch: 0.071
14-Feb-23 02:12:32 - epoch: 9, training_loss: 0.548, time:0.076
14-Feb-23 02:12:37 - epoch: 9, test loss : 4.132078982902444, val loss: 3.392476505720199
14-Feb-23 02:12:37 - 7-th run
14-Feb-23 02:12:54 - stds: tensor([[0.1000, 0.0500, 0.0200]]), num of samples: 128
14-Feb-23 02:12:54 - Training time for this epoch: 0.063
14-Feb-23 02:12:54 - epoch: 0, training_loss: 11.084, time:0.067
14-Feb-23 02:12:58 - epoch: 0, test loss : 3.844068898480321, val loss: 3.0599150890520512
14-Feb-23 02:12:59 - Training time for this epoch: 0.069
14-Feb-23 02:12:59 - epoch: 1, training_loss: 9.381, time:0.069
14-Feb-23 02:13:02 - epoch: 1, test loss : 3.765368505037917, val loss: 2.926844277735527
14-Feb-23 02:13:03 - Training time for this epoch: 0.062
14-Feb-23 02:13:03 - epoch: 2, training_loss: 7.690, time:0.066
14-Feb-23 02:13:07 - epoch: 2, test loss : 3.66138798985116, val loss: 2.785835191482001
14-Feb-23 02:13:07 - Training time for this epoch: 0.067
14-Feb-23 02:13:07 - epoch: 3, training_loss: 6.268, time:0.072
14-Feb-23 02:13:11 - epoch: 3, test loss : 3.5497205171047983, val loss: 2.6586967019407095
14-Feb-23 02:13:11 - Training time for this epoch: 0.067
14-Feb-23 02:13:11 - epoch: 4, training_loss: 5.021, time:0.073
14-Feb-23 02:13:16 - epoch: 4, test loss : 3.487246082557996, val loss: 2.5639590521461724
14-Feb-23 02:13:16 - Training time for this epoch: 0.066
14-Feb-23 02:13:16 - epoch: 5, training_loss: 3.302, time:0.071
14-Feb-23 02:13:21 - epoch: 5, test loss : 3.5101610028987915, val loss: 2.5302240989875844
14-Feb-23 02:13:21 - Training time for this epoch: 0.061
14-Feb-23 02:13:21 - epoch: 6, training_loss: 2.367, time:0.067
14-Feb-23 02:13:25 - epoch: 6, test loss : 3.65178437183146, val loss: 2.5677398297042595
14-Feb-23 02:13:26 - Training time for this epoch: 0.063
14-Feb-23 02:13:26 - epoch: 7, training_loss: 1.423, time:0.068
14-Feb-23 02:13:31 - epoch: 7, test loss : 3.9544932462248004, val loss: 2.699209995233934
14-Feb-23 02:13:31 - Training time for this epoch: 0.134
14-Feb-23 02:13:31 - epoch: 8, training_loss: 0.529, time:0.135
14-Feb-23 02:13:35 - epoch: 8, test loss : 4.454421708930734, val loss: 2.9614013955570493
14-Feb-23 02:13:35 - Training time for this epoch: 0.070
14-Feb-23 02:13:35 - epoch: 9, training_loss: 0.318, time:0.077
14-Feb-23 02:13:39 - epoch: 9, test loss : 5.145778261543022, val loss: 3.331018980922372
14-Feb-23 02:13:39 - 8-th run
14-Feb-23 02:14:12 - stds: tensor([[0.1000, 0.0500, 0.0200]]), num of samples: 128
14-Feb-23 02:14:13 - Training time for this epoch: 0.063
14-Feb-23 02:14:13 - epoch: 0, training_loss: 12.566, time:0.068
14-Feb-23 02:14:17 - epoch: 0, test loss : 5.005622121621963, val loss: 3.6728683267659674
14-Feb-23 02:14:17 - Training time for this epoch: 0.059
14-Feb-23 02:14:17 - epoch: 1, training_loss: 10.833, time:0.065
14-Feb-23 02:14:22 - epoch: 1, test loss : 4.637108909634179, val loss: 3.4986265827335283
14-Feb-23 02:14:22 - Training time for this epoch: 0.073
14-Feb-23 02:14:22 - epoch: 2, training_loss: 8.923, time:0.074
14-Feb-23 02:14:26 - epoch: 2, test loss : 4.37611592048336, val loss: 3.3322060913343936
14-Feb-23 02:14:26 - Training time for this epoch: 0.073
14-Feb-23 02:14:26 - epoch: 3, training_loss: 7.569, time:0.077
14-Feb-23 02:14:31 - epoch: 3, test loss : 4.2097554306376, val loss: 3.1708328686754146
14-Feb-23 02:14:31 - Training time for this epoch: 0.086
14-Feb-23 02:14:31 - epoch: 4, training_loss: 6.209, time:0.092
14-Feb-23 02:14:35 - epoch: 4, test loss : 4.119646775154013, val loss: 3.019782268412034
14-Feb-23 02:14:35 - Training time for this epoch: 0.070
14-Feb-23 02:14:35 - epoch: 5, training_loss: 5.105, time:0.076
14-Feb-23 02:14:40 - epoch: 5, test loss : 4.0869860922608305, val loss: 2.8875389798387907
14-Feb-23 02:14:41 - Training time for this epoch: 0.093
14-Feb-23 02:14:41 - epoch: 6, training_loss: 3.606, time:0.098
14-Feb-23 02:14:45 - epoch: 6, test loss : 4.128034022099779, val loss: 2.778927332561362
14-Feb-23 02:14:45 - Training time for this epoch: 0.063
14-Feb-23 02:14:45 - epoch: 7, training_loss: 2.919, time:0.068
14-Feb-23 02:14:49 - epoch: 7, test loss : 4.251590412567636, val loss: 2.730609043707561
14-Feb-23 02:14:49 - Training time for this epoch: 0.062
14-Feb-23 02:14:49 - epoch: 8, training_loss: 2.194, time:0.067
14-Feb-23 02:14:53 - epoch: 8, test loss : 4.430023769863406, val loss: 2.7817785149273653
14-Feb-23 02:14:53 - Training time for this epoch: 0.062
14-Feb-23 02:14:53 - epoch: 9, training_loss: 1.423, time:0.069
14-Feb-23 02:14:58 - epoch: 9, test loss : 4.686519153500612, val loss: 2.958023392689027
14-Feb-23 02:14:58 - 9-th run
14-Feb-23 02:15:24 - stds: tensor([[0.1000, 0.0500, 0.0200]]), num of samples: 128
14-Feb-23 02:15:24 - Training time for this epoch: 0.065
14-Feb-23 02:15:24 - epoch: 0, training_loss: 10.139, time:0.071
14-Feb-23 02:15:31 - epoch: 0, test loss : 4.4296715016620825, val loss: 3.1422780939608232
14-Feb-23 02:15:31 - Training time for this epoch: 0.080
14-Feb-23 02:15:31 - epoch: 1, training_loss: 8.720, time:0.081
14-Feb-23 02:15:36 - epoch: 1, test loss : 4.129657454784023, val loss: 2.9610023436842
14-Feb-23 02:15:36 - Training time for this epoch: 0.062
14-Feb-23 02:15:36 - epoch: 2, training_loss: 6.825, time:0.067
14-Feb-23 02:15:41 - epoch: 2, test loss : 3.89066720389924, val loss: 2.796702601356525
14-Feb-23 02:15:41 - Training time for this epoch: 0.061
14-Feb-23 02:15:41 - epoch: 3, training_loss: 5.440, time:0.067
14-Feb-23 02:15:45 - epoch: 3, test loss : 3.746721113547986, val loss: 2.6533304627066903
14-Feb-23 02:15:45 - Training time for this epoch: 0.107
14-Feb-23 02:15:45 - epoch: 4, training_loss: 3.903, time:0.110
14-Feb-23 02:15:54 - epoch: 4, test loss : 3.6947581550843385, val loss: 2.55788919816794
14-Feb-23 02:15:54 - Training time for this epoch: 0.062
14-Feb-23 02:15:54 - epoch: 5, training_loss: 2.770, time:0.068
14-Feb-23 02:15:59 - epoch: 5, test loss : 3.7330174091945176, val loss: 2.521476766022737
14-Feb-23 02:15:59 - Training time for this epoch: 0.064
14-Feb-23 02:15:59 - epoch: 6, training_loss: 1.883, time:0.068
14-Feb-23 02:16:07 - epoch: 6, test loss : 3.848531044076485, val loss: 2.5937008553697236
14-Feb-23 02:16:07 - Training time for this epoch: 0.063
14-Feb-23 02:16:07 - epoch: 7, training_loss: 1.295, time:0.069
14-Feb-23 02:16:15 - epoch: 7, test loss : 4.030212484372598, val loss: 2.8172643682911556
14-Feb-23 02:16:15 - Training time for this epoch: 0.066
14-Feb-23 02:16:15 - epoch: 8, training_loss: 0.493, time:0.072
14-Feb-23 02:16:24 - epoch: 8, test loss : 4.3003004230805, val loss: 3.219501244570707
14-Feb-23 02:16:24 - Training time for this epoch: 0.073
14-Feb-23 02:16:24 - epoch: 9, training_loss: 0.168, time:0.078
14-Feb-23 02:16:32 - epoch: 9, test loss : 4.695113733998556, val loss: 3.759305921942014
14-Feb-23 02:16:32 - Final test mean: 3.803014007277427, std: 0.23065343056751372
14-Feb-23 02:16:32 - Final val mean: 2.5859804766875194, std: 0.057128264026343085
